[2025-10-02 13:58:24] === НАЧАЛО ОБНОВЛЕНИЯ СПИСКОВ IP ===
[2025-10-02 13:58:24] Генерация списка Google IP через bgpq3...
[2025-10-02 13:58:24] ✓ Список Google IP добавлен
[2025-10-02 13:58:24] Скачивание списка: https://antifilter.network/download/ip.lst
[2025-10-02 13:58:24] ✓ Успешно скачано
[2025-10-02 13:58:24] Скачивание списка: https://antifilter.network/download/ipsmart.lst
[2025-10-02 13:58:24] ✓ Успешно скачано
[2025-10-02 13:58:24] Скачивание списка: https://antifilter.network/download/ipsum.lst
[2025-10-02 13:58:24] ✓ Успешно скачано
[2025-10-02 13:58:24] Скачивание списка: https://raw.githubusercontent.com/touhidurrr/iplist-youtube/main/cidr4.txt
[2025-10-02 13:58:24] ⚠️ Ошибка скачивания: https://raw.githubusercontent.com/touhidurrr/iplist-youtube/main/cidr4.txt
[2025-10-02 13:58:24] Скачивание списка: https://raw.githubusercontent.com/touhidurrr/iplist-youtube/main/lists/ipv4.txt
[2025-10-02 13:58:24] ✓ Успешно скачано
[2025-10-02 13:58:24] Обработка и очистка списка...
[2025-10-02 13:58:24] Готово! Общее количество уникальных записей: 204804
[2025-10-02 13:58:24] Нет изменений. Обновление не требуется.
[2025-10-02 13:58:24] === ЗАВЕРШЕНИЕ ОБНОВЛЕНИЯ СПИСКОВ IP ===

[2025-10-02 14:04:36] === НАЧАЛО ОБНОВЛЕНИЯ СПИСКОВ IP ===
[2025-10-02 14:04:36] Генерация списка Google IP через bgpq3...
[2025-10-02 14:04:36] ✓ Список Google IP добавлен
[2025-10-02 14:04:36] Скачивание списка: https://antifilter.network/download/ip.lst
[2025-10-02 14:04:36] ✓ Успешно скачано
[2025-10-02 14:04:36] Скачивание списка: https://antifilter.network/download/ipsmart.lst
[2025-10-02 14:04:36] ✓ Успешно скачано
[2025-10-02 14:04:36] Скачивание списка: https://antifilter.network/download/ipsum.lst
[2025-10-02 14:04:36] ✓ Успешно скачано
[2025-10-02 14:04:36] Скачивание списка: https://raw.githubusercontent.com/touhidurrr/iplist-youtube/main/cidr4.txt
[2025-10-02 14:04:36] ⚠️ Ошибка скачивания: https://raw.githubusercontent.com/touhidurrr/iplist-youtube/main/cidr4.txt
[2025-10-02 14:04:36] Скачивание списка: https://raw.githubusercontent.com/touhidurrr/iplist-youtube/main/lists/ipv4.txt
[2025-10-02 14:04:36] ✓ Успешно скачано
[2025-10-02 14:04:36] Обработка и очистка списка...
[2025-10-02 14:04:36] Готово! Общее количество уникальных записей: 204806
[2025-10-02 14:04:36] Нет изменений. Обновление не требуется.
[2025-10-02 14:04:36] === ЗАВЕРШЕНИЕ ОБНОВЛЕНИЯ СПИСКОВ IP ===

[2025-10-02 14:17:01] === НАЧАЛО ОБНОВЛЕНИЯ СПИСКОВ IP ===
[2025-10-02 14:17:01] Генерация списка Google IP через bgpq3...
[2025-10-02 14:17:01] ✓ Список Google IP добавлен
[2025-10-02 14:17:01] Скачивание списка: https://antifilter.network/download/ip.lst
[2025-10-02 14:17:01] ✓ Успешно скачано
[2025-10-02 14:17:01] Скачивание списка: https://antifilter.network/download/ipsmart.lst
[2025-10-02 14:17:01] ✓ Успешно скачано
[2025-10-02 14:17:01] Скачивание списка: https://antifilter.network/download/ipsum.lst
[2025-10-02 14:17:01] ✓ Успешно скачано
[2025-10-02 14:17:01] Скачивание списка: https://raw.githubusercontent.com/touhidurrr/iplist-youtube/main/cidr4.txt
[2025-10-02 14:17:01] ⚠️ Ошибка скачивания: https://raw.githubusercontent.com/touhidurrr/iplist-youtube/main/cidr4.txt
[2025-10-02 14:17:01] Скачивание списка: https://raw.githubusercontent.com/touhidurrr/iplist-youtube/main/lists/ipv4.txt
[2025-10-02 14:17:01] ✓ Успешно скачано
[2025-10-02 14:17:01] Обработка и очистка списка...
[2025-10-02 14:17:01] Готово! Общее количество уникальных записей: 204794
[2025-10-02 14:17:01] Обнаружены изменения. Создание коммита...
[2025-10-02 14:17:01] ⚠️ Ошибка отправки изменений на GitHub
[2025-10-02 14:17:01] === ЗАВЕРШЕНИЕ ОБНОВЛЕНИЯ СПИСКОВ IP ===

[2025-10-02 14:18:01] === НАЧАЛО ОБНОВЛЕНИЯ СПИСКОВ IP ===
[2025-10-02 14:18:01] Генерация списка Google IP через bgpq3...
[2025-10-02 14:18:01] ✓ Список Google IP добавлен
[2025-10-02 14:18:01] Скачивание списка: https://antifilter.network/download/ip.lst
[2025-10-02 14:18:01] ✓ Успешно скачано
[2025-10-02 14:18:01] Скачивание списка: https://antifilter.network/download/ipsmart.lst
[2025-10-02 14:18:01] ✓ Успешно скачано
[2025-10-02 14:18:01] Скачивание списка: https://antifilter.network/download/ipsum.lst
[2025-10-02 14:18:01] ✓ Успешно скачано
[2025-10-02 14:18:01] Скачивание списка: https://raw.githubusercontent.com/touhidurrr/iplist-youtube/main/cidr4.txt
[2025-10-02 14:18:01] ⚠️ Ошибка скачивания: https://raw.githubusercontent.com/touhidurrr/iplist-youtube/main/cidr4.txt
[2025-10-02 14:18:01] Скачивание списка: https://raw.githubusercontent.com/touhidurrr/iplist-youtube/main/lists/ipv4.txt
[2025-10-02 14:18:01] ✓ Успешно скачано
[2025-10-02 14:18:01] Обработка и очистка списка...
[2025-10-02 14:18:01] Готово! Общее количество уникальных записей: 204794
[2025-10-02 14:18:01] Нет изменений. Обновление не требуется.
[2025-10-02 14:18:01] === ЗАВЕРШЕНИЕ ОБНОВЛЕНИЯ СПИСКОВ IP ===

[2025-10-02 14:20:01] === НАЧАЛО ОБНОВЛЕНИЯ СПИСКОВ IP ===
[2025-10-02 14:20:01] Генерация списка Google IP через bgpq3...
[2025-10-02 14:20:01] ✓ Список Google IP добавлен
[2025-10-02 14:20:01] Скачивание списка: https://antifilter.network/download/ip.lst
[2025-10-02 14:20:01] ✓ Успешно скачано
[2025-10-02 14:20:01] Скачивание списка: https://antifilter.network/download/ipsmart.lst
[2025-10-02 14:20:01] ✓ Успешно скачано
[2025-10-02 14:20:01] Скачивание списка: https://antifilter.network/download/ipsum.lst
[2025-10-02 14:20:01] ✓ Успешно скачано
[2025-10-02 14:20:01] Скачивание списка: https://raw.githubusercontent.com/touhidurrr/iplist-youtube/main/cidr4.txt
[2025-10-02 14:20:01] ⚠️ Ошибка скачивания: https://raw.githubusercontent.com/touhidurrr/iplist-youtube/main/cidr4.txt
[2025-10-02 14:20:01] Скачивание списка: https://raw.githubusercontent.com/touhidurrr/iplist-youtube/main/lists/ipv4.txt
[2025-10-02 14:20:01] ✓ Успешно скачано
[2025-10-02 14:20:01] Обработка и очистка списка...
[2025-10-02 14:20:01] Готово! Общее количество уникальных записей: 204794
[2025-10-02 14:20:01] Нет изменений. Обновление не требуется.
[2025-10-02 14:20:01] === ЗАВЕРШЕНИЕ ОБНОВЛЕНИЯ СПИСКОВ IP ===

[2025-10-02 14:32:19] === НАЧАЛО ОБНОВЛЕНИЯ СПИСКОВ IP ===
[2025-10-02 14:32:19] Генерация списка Google IP через bgpq3...
[2025-10-02 14:32:19] ✓ Список Google IP добавлен
[2025-10-02 14:32:19] Скачивание списка: https://antifilter.network/download/ip.lst
[2025-10-02 14:32:19] ✓ Успешно скачано
[2025-10-02 14:32:19] Скачивание списка: https://antifilter.network/download/ipsmart.lst
[2025-10-02 14:32:19] ✓ Успешно скачано
[2025-10-02 14:32:19] Скачивание списка: https://antifilter.network/download/ipsum.lst
[2025-10-02 14:32:19] ✓ Успешно скачано
[2025-10-02 14:32:19] Скачивание списка: https://raw.githubusercontent.com/touhidurrr/iplist-youtube/main/cidr4.txt
[2025-10-02 14:32:19] ⚠️ Ошибка скачивания: https://raw.githubusercontent.com/touhidurrr/iplist-youtube/main/cidr4.txt
[2025-10-02 14:32:19] Скачивание списка: https://raw.githubusercontent.com/touhidurrr/iplist-youtube/main/lists/ipv4.txt
[2025-10-02 14:32:19] ✓ Успешно скачано
[2025-10-02 14:32:19] Обработка и очистка списка...
[2025-10-02 14:32:19] Готово! Общее количество уникальных записей: 204794
[2025-10-02 14:32:19] Нет изменений. Обновление не требуется.
[2025-10-02 14:32:19] === ЗАВЕРШЕНИЕ ОБНОВЛЕНИЯ СПИСКОВ IP ===

[2025-10-02 14:40:01] === НАЧАЛО ОБНОВЛЕНИЯ СПИСКОВ IP ===
[2025-10-02 14:40:01] Генерация списка Google IP через bgpq3...
[2025-10-02 14:40:01] ✓ Список Google IP добавлен
[2025-10-02 14:40:01] Скачивание списка: https://antifilter.network/download/ip.lst
[2025-10-02 14:40:01] ✓ Успешно скачано
[2025-10-02 14:40:01] Скачивание списка: https://antifilter.network/download/ipsmart.lst
[2025-10-02 14:40:01] ✓ Успешно скачано
[2025-10-02 14:40:01] Скачивание списка: https://antifilter.network/download/ipsum.lst
[2025-10-02 14:40:01] ✓ Успешно скачано
[2025-10-02 14:40:01] Скачивание списка: https://raw.githubusercontent.com/touhidurrr/iplist-youtube/main/cidr4.txt
[2025-10-02 14:40:01] ⚠️ Ошибка скачивания: https://raw.githubusercontent.com/touhidurrr/iplist-youtube/main/cidr4.txt
[2025-10-02 14:40:01] Скачивание списка: https://raw.githubusercontent.com/touhidurrr/iplist-youtube/main/lists/ipv4.txt
[2025-10-02 14:40:01] ✓ Успешно скачано
[2025-10-02 14:40:01] Обработка и очистка списка...
[2025-10-02 14:40:01] Готово! Общее количество уникальных записей: 204794
[2025-10-02 14:40:01] Нет изменений. Обновление не требуется.
[2025-10-02 14:40:01] === ЗАВЕРШЕНИЕ ОБНОВЛЕНИЯ СПИСКОВ IP ===

[2025-10-02 15:00:01] === НАЧАЛО ОБНОВЛЕНИЯ СПИСКОВ IP ===
[2025-10-02 15:00:01] Генерация списка Google IP через bgpq3...
[2025-10-02 15:00:01] ✓ Список Google IP добавлен
[2025-10-02 15:00:01] Скачивание списка: https://antifilter.network/download/ip.lst
[2025-10-02 15:00:01] ✓ Успешно скачано
[2025-10-02 15:00:01] Скачивание списка: https://antifilter.network/download/ipsmart.lst
[2025-10-02 15:00:01] ✓ Успешно скачано
[2025-10-02 15:00:01] Скачивание списка: https://antifilter.network/download/ipsum.lst
[2025-10-02 15:00:01] ✓ Успешно скачано
[2025-10-02 15:00:01] Скачивание списка: https://raw.githubusercontent.com/touhidurrr/iplist-youtube/main/cidr4.txt
[2025-10-02 15:00:01] ⚠️ Ошибка скачивания: https://raw.githubusercontent.com/touhidurrr/iplist-youtube/main/cidr4.txt
[2025-10-02 15:00:01] Скачивание списка: https://raw.githubusercontent.com/touhidurrr/iplist-youtube/main/lists/ipv4.txt
[2025-10-02 15:00:01] ✓ Успешно скачано
[2025-10-02 15:00:01] Обработка и очистка списка...
[2025-10-02 15:00:01] Готово! Общее количество уникальных записей: 204794
[2025-10-02 15:00:01] Нет изменений. Обновление не требуется.
[2025-10-02 15:00:01] === ЗАВЕРШЕНИЕ ОБНОВЛЕНИЯ СПИСКОВ IP ===

[2025-10-02 15:20:01] === НАЧАЛО ОБНОВЛЕНИЯ СПИСКОВ IP ===
[2025-10-02 15:20:01] Генерация списка Google IP через bgpq3...
[2025-10-02 15:20:01] ✓ Список Google IP добавлен
[2025-10-02 15:20:01] Скачивание списка: https://antifilter.network/download/ip.lst
[2025-10-02 15:20:01] ✓ Успешно скачано
[2025-10-02 15:20:01] Скачивание списка: https://antifilter.network/download/ipsmart.lst
[2025-10-02 15:20:01] ✓ Успешно скачано
[2025-10-02 15:20:01] Скачивание списка: https://antifilter.network/download/ipsum.lst
[2025-10-02 15:20:01] ✓ Успешно скачано
[2025-10-02 15:20:01] Скачивание списка: https://raw.githubusercontent.com/touhidurrr/iplist-youtube/main/cidr4.txt
[2025-10-02 15:20:01] ⚠️ Ошибка скачивания: https://raw.githubusercontent.com/touhidurrr/iplist-youtube/main/cidr4.txt
[2025-10-02 15:20:01] Скачивание списка: https://raw.githubusercontent.com/touhidurrr/iplist-youtube/main/lists/ipv4.txt
[2025-10-02 15:20:01] ✓ Успешно скачано
[2025-10-02 15:20:01] Обработка и очистка списка...
[2025-10-02 15:20:01] Готово! Общее количество уникальных записей: 204803
[2025-10-02 15:20:01] Обнаружены изменения. Создание коммита...
[2025-10-02 15:20:01] ⚠️ Ошибка отправки изменений на GitHub
[2025-10-02 15:20:01] === ЗАВЕРШЕНИЕ ОБНОВЛЕНИЯ СПИСКОВ IP ===

[2025-10-02 15:25:13] === НАЧАЛО ОБНОВЛЕНИЯ СПИСКОВ IP ===
[2025-10-02 15:25:13] Генерация списка Google IP через bgpq3...
[2025-10-02 15:25:13] ✓ Список Google IP добавлен
[2025-10-02 15:25:13] Скачивание списка: https://antifilter.network/download/ip.lst
[2025-10-02 15:25:13] ✓ Успешно скачано
[2025-10-02 15:25:13] Скачивание списка: https://antifilter.network/download/ipsmart.lst
[2025-10-02 15:25:13] ✓ Успешно скачано
[2025-10-02 15:25:13] Скачивание списка: https://antifilter.network/download/ipsum.lst
[2025-10-02 15:25:13] ✓ Успешно скачано
[2025-10-02 15:25:13] Скачивание списка: https://raw.githubusercontent.com/touhidurrr/iplist-youtube/main/cidr4.txt
[2025-10-02 15:25:13] ⚠️ Ошибка скачивания: https://raw.githubusercontent.com/touhidurrr/iplist-youtube/main/cidr4.txt
[2025-10-02 15:25:13] Скачивание списка: https://raw.githubusercontent.com/touhidurrr/iplist-youtube/main/lists/ipv4.txt
[2025-10-02 15:25:13] ✓ Успешно скачано
[2025-10-02 15:25:13] Обработка и очистка списка...
[2025-10-02 15:25:13] Готово! Общее количество уникальных записей: 204803
[2025-10-02 15:25:13] Нет изменений. Обновление не требуется.
[2025-10-02 15:25:13] === ЗАВЕРШЕНИЕ ОБНОВЛЕНИЯ СПИСКОВ IP ===

[2025-10-02 15:28:00] === НАЧАЛО ОБНОВЛЕНИЯ СПИСКОВ IP ===
[2025-10-02 15:28:00] Генерация списка Google IP через bgpq3...
[2025-10-02 15:28:00] ✓ Список Google IP добавлен
[2025-10-02 15:28:00] Скачивание списка: https://antifilter.network/download/ip.lst
[2025-10-02 15:28:00] ✓ Успешно скачано
[2025-10-02 15:28:00] Скачивание списка: https://antifilter.network/download/ipsmart.lst
[2025-10-02 15:28:00] ✓ Успешно скачано
[2025-10-02 15:28:00] Скачивание списка: https://antifilter.network/download/ipsum.lst
[2025-10-02 15:28:00] ✓ Успешно скачано
[2025-10-02 15:28:00] Скачивание списка: https://raw.githubusercontent.com/touhidurrr/iplist-youtube/main/cidr4.txt
[2025-10-02 15:28:00] ⚠️ Ошибка скачивания: https://raw.githubusercontent.com/touhidurrr/iplist-youtube/main/cidr4.txt
[2025-10-02 15:28:00] Скачивание списка: https://raw.githubusercontent.com/touhidurrr/iplist-youtube/main/lists/ipv4.txt
[2025-10-02 15:28:00] ✓ Успешно скачано
[2025-10-02 15:28:00] Обработка и очистка списка...
[2025-10-02 15:28:00] Готово! Общее количество уникальных записей: 204803
[2025-10-02 15:28:00] Нет изменений. Обновление не требуется.
[2025-10-02 15:28:00] === ЗАВЕРШЕНИЕ ОБНОВЛЕНИЯ СПИСКОВ IP ===

[2025-10-02 15:40:01] === НАЧАЛО ОБНОВЛЕНИЯ СПИСКОВ IP ===
[2025-10-02 15:40:01] Генерация списка Google IP через bgpq3...
[2025-10-02 15:40:01] ✓ Список Google IP добавлен
[2025-10-02 15:40:01] Скачивание списка: https://antifilter.network/download/ip.lst
[2025-10-02 15:40:01] ✓ Успешно скачано
[2025-10-02 15:40:01] Скачивание списка: https://antifilter.network/download/ipsmart.lst
[2025-10-02 15:40:01] ✓ Успешно скачано
[2025-10-02 15:40:01] Скачивание списка: https://antifilter.network/download/ipsum.lst
[2025-10-02 15:40:01] ✓ Успешно скачано
[2025-10-02 15:40:01] Скачивание списка: https://raw.githubusercontent.com/touhidurrr/iplist-youtube/main/cidr4.txt
[2025-10-02 15:40:01] ⚠️ Ошибка скачивания: https://raw.githubusercontent.com/touhidurrr/iplist-youtube/main/cidr4.txt
[2025-10-02 15:40:01] Скачивание списка: https://raw.githubusercontent.com/touhidurrr/iplist-youtube/main/lists/ipv4.txt
[2025-10-02 15:40:01] ✓ Успешно скачано
[2025-10-02 15:40:01] Обработка и очистка списка...
[2025-10-02 15:40:01] Готово! Общее количество уникальных записей: 204803
[2025-10-02 15:40:01] Нет изменений. Обновление не требуется.
[2025-10-02 15:40:01] === ЗАВЕРШЕНИЕ ОБНОВЛЕНИЯ СПИСКОВ IP ===

[2025-10-02 16:00:01] === НАЧАЛО ОБНОВЛЕНИЯ СПИСКОВ IP ===
[2025-10-02 16:00:01] Генерация списка Google IP через bgpq3...
[2025-10-02 16:00:01] ✓ Список Google IP добавлен
[2025-10-02 16:00:01] Скачивание списка: https://antifilter.network/download/ip.lst
[2025-10-02 16:00:01] ✓ Успешно скачано
[2025-10-02 16:00:01] Скачивание списка: https://antifilter.network/download/ipsmart.lst
[2025-10-02 16:00:01] ✓ Успешно скачано
[2025-10-02 16:00:01] Скачивание списка: https://antifilter.network/download/ipsum.lst
[2025-10-02 16:00:01] ✓ Успешно скачано
[2025-10-02 16:00:01] Скачивание списка: https://raw.githubusercontent.com/touhidurrr/iplist-youtube/main/cidr4.txt
[2025-10-02 16:00:01] ⚠️ Ошибка скачивания: https://raw.githubusercontent.com/touhidurrr/iplist-youtube/main/cidr4.txt
[2025-10-02 16:00:01] Скачивание списка: https://raw.githubusercontent.com/touhidurrr/iplist-youtube/main/lists/ipv4.txt
[2025-10-02 16:00:01] ✓ Успешно скачано
[2025-10-02 16:00:01] Обработка и очистка списка...
[2025-10-02 16:00:01] Готово! Общее количество уникальных записей: 204803
[2025-10-02 16:00:01] Нет изменений. Обновление не требуется.
[2025-10-02 16:00:01] === ЗАВЕРШЕНИЕ ОБНОВЛЕНИЯ СПИСКОВ IP ===

[2025-10-02 16:20:01] === НАЧАЛО ОБНОВЛЕНИЯ СПИСКОВ IP ===
[2025-10-02 16:20:01] Генерация списка Google IP через bgpq3...
[2025-10-02 16:20:01] ✓ Список Google IP добавлен
[2025-10-02 16:20:01] Скачивание списка: https://antifilter.network/download/ip.lst
[2025-10-02 16:20:01] ✓ Успешно скачано
[2025-10-02 16:20:01] Скачивание списка: https://antifilter.network/download/ipsmart.lst
[2025-10-02 16:20:01] ✓ Успешно скачано
[2025-10-02 16:20:01] Скачивание списка: https://antifilter.network/download/ipsum.lst
[2025-10-02 16:20:01] ✓ Успешно скачано
[2025-10-02 16:20:01] Скачивание списка: https://raw.githubusercontent.com/touhidurrr/iplist-youtube/main/cidr4.txt
[2025-10-02 16:20:01] ⚠️ Ошибка скачивания: https://raw.githubusercontent.com/touhidurrr/iplist-youtube/main/cidr4.txt
[2025-10-02 16:20:01] Скачивание списка: https://raw.githubusercontent.com/touhidurrr/iplist-youtube/main/lists/ipv4.txt
[2025-10-02 16:20:01] ✓ Успешно скачано
[2025-10-02 16:20:01] Обработка и очистка списка...
[2025-10-02 16:20:01] Готово! Общее количество уникальных записей: 204802
[2025-10-02 16:20:01] Обнаружены изменения. Создание коммита...
[2025-10-02 16:20:01] ✓ Изменения успешно отправлены на GitHub
[2025-10-02 16:20:01] === ЗАВЕРШЕНИЕ ОБНОВЛЕНИЯ СПИСКОВ IP ===

